<?xml version="1.0" encoding="UTF-8"?>
<!-- Generated by org.testng.reporters.JUnitXMLReporter -->
<testsuite ignored="0" hostname="DESKTOP-K10DVAF" failures="0" tests="5" name="Default test" time="9.107" errors="0" timestamp="2026-03-24T20:43:04 IST">
  <testcase classname="test.Pet_Test" name="addPet_Test" time="3.765"/>
  <testcase classname="test.Pet_Test" name="getPetByStatus_Test" time="1.764"/>
  <testcase classname="test.Pet_Test" name="getPetById_Test" time="1.189"/>
  <testcase classname="test.Pet_Test" name="updatePet_Test" time="1.041"/>
  <testcase classname="test.Pet_Test" name="deletePet_Test" time="1.01"/>
</testsuite> <!-- Default test -->
