<?xml version="1.0" encoding="UTF-8"?>
<!-- Generated by org.testng.reporters.JUnitXMLReporter -->
<testsuite ignored="0" hostname="DESKTOP-K10DVAF" failures="0" tests="4" name="Default test" time="8.094" errors="0" timestamp="2026-03-25T14:29:18 IST">
  <testcase classname="test.Store_Test" name="getInventory_Test" time="4.294"/>
  <testcase classname="test.Store_Test" name="createOrder_Test" time="1.466"/>
  <testcase classname="test.Store_Test" name="getOrder_Test" time="1.182"/>
  <testcase classname="test.Store_Test" name="deleteOrder_Test" time="1.034"/>
</testsuite> <!-- Default test -->
