<?xml version="1.0" encoding="UTF-8"?>
<!-- Generated by org.testng.reporters.JUnitXMLReporter -->
<testsuite ignored="0" hostname="DESKTOP-K10DVAF" failures="0" tests="6" name="Test" time="11.427" errors="0" timestamp="2026-03-24T17:07:54 IST">
  <testcase classname="test.User_Test" name="createUser_Test" time="3.347"/>
  <testcase classname="test.User_Test" name="getUser_Test" time="1.07"/>
  <testcase classname="test.User_Test" name="updateUser_Test" time="2.246"/>
  <testcase classname="test.User_Test" name="loginUser_Test" time="1.795"/>
  <testcase classname="test.User_Test" name="logoutUser_Test" time="1.203"/>
  <testcase classname="test.User_Test" name="deleteUser_Test" time="1.182"/>
</testsuite> <!-- Test -->
