<?xml version="1.0" encoding="UTF-8"?>
<!-- Generated by org.testng.reporters.JUnitXMLReporter -->
<testsuite ignored="0" hostname="DESKTOP-K10DVAF" failures="0" tests="9" name="Test" time="20.682" errors="0" timestamp="2026-03-24T11:54:53 IST">
  <testcase classname="test.User_DataDriven" name="createUser_Test" time="3.697"/>
  <testcase classname="test.User_DataDriven" name="createUser_Test" time="1.52"/>
  <testcase classname="test.User_DataDriven" name="createUser_Test" time="1.319"/>
  <testcase classname="test.User_DataDriven" name="getUser_Test" time="1.861"/>
  <testcase classname="test.User_DataDriven" name="getUser_Test" time="2.187"/>
  <testcase classname="test.User_DataDriven" name="getUser_Test" time="1.268"/>
  <testcase classname="test.User_DataDriven" name="deleteUser_Test" time="1.604"/>
  <testcase classname="test.User_DataDriven" name="deleteUser_Test" time="3.076"/>
  <testcase classname="test.User_DataDriven" name="deleteUser_Test" time="2.115"/>
</testsuite> <!-- Test -->
