<?xml version="1.0" encoding="UTF-8"?>
<testsuite xmlns:xsi="http://www.w3.org/2001/XMLSchema-instance" xsi:noNamespaceSchemaLocation="https://maven.apache.org/surefire/maven-surefire-plugin/xsd/surefire-test-report.xsd" version="3.0.2" name="TestSuite" time="21.586" tests="9" errors="0" skipped="0" failures="0" flakes="0">
  <properties>
[...]
</properties>
  <testcase name="createUser_Test[1111, User1, UseF1, UseL1, user1@user.com, User123, 1236547890](1)" classname="test.User_DataDriven" time="3.71">
    <system-out><![CDATA[In onStart() for null
2026-03-24T06:24:33.312262400Z main ERROR Log4j API could not find a logging provider.
HTTP/1.1 200 OK
Date: Tue, 24 Mar 2026 06:24:37 GMT
Content-Type: application/json
Transfer-Encoding: chunked
Connection: keep-alive
Access-Control-Allow-Origin: *
Access-Control-Allow-Methods: GET, POST, DELETE, PUT
Access-Control-Allow-Headers: Content-Type, api_key, Authorization
Server: Jetty(9.2.9.v20150224)

{
    "code": 200,
    "type": "unknown",
    "message": "1111"
}
]]></system-out>
    <system-err><![CDATA[SLF4J(W): No SLF4J providers were found.
SLF4J(W): Defaulting to no-operation (NOP) logger implementation
SLF4J(W): See https://www.slf4j.org/codes.html#noProviders for further details.
]]></system-err>
  </testcase>
  <testcase name="createUser_Test[1112, User2, UseF2, UseL2, user2@user.com, User123, 1236547890](2)" classname="test.User_DataDriven" time="1.572">
    <system-out><![CDATA[HTTP/1.1 200 OK
Date: Tue, 24 Mar 2026 06:24:39 GMT
Content-Type: application/json
Transfer-Encoding: chunked
Connection: keep-alive
Access-Control-Allow-Origin: *
Access-Control-Allow-Methods: GET, POST, DELETE, PUT
Access-Control-Allow-Headers: Content-Type, api_key, Authorization
Server: Jetty(9.2.9.v20150224)

{
    "code": 200,
    "type": "unknown",
    "message": "1112"
}
]]></system-out>
  </testcase>
  <testcase name="createUser_Test[1113, User3, UseF3, UseL3, user3@user.com, User123, 1236547890](3)" classname="test.User_DataDriven" time="1.272">
    <system-out><![CDATA[HTTP/1.1 200 OK
Date: Tue, 24 Mar 2026 06:24:40 GMT
Content-Type: application/json
Transfer-Encoding: chunked
Connection: keep-alive
Access-Control-Allow-Origin: *
Access-Control-Allow-Methods: GET, POST, DELETE, PUT
Access-Control-Allow-Headers: Content-Type, api_key, Authorization
Server: Jetty(9.2.9.v20150224)

{
    "code": 200,
    "type": "unknown",
    "message": "1113"
}
]]></system-out>
  </testcase>
  <testcase name="getUser_Test[User1](1)" classname="test.User_DataDriven" time="1.87">
    <system-out><![CDATA[HTTP/1.1 200 OK
Date: Tue, 24 Mar 2026 06:24:42 GMT
Content-Type: application/json
Transfer-Encoding: chunked
Connection: keep-alive
Access-Control-Allow-Origin: *
Access-Control-Allow-Methods: GET, POST, DELETE, PUT
Access-Control-Allow-Headers: Content-Type, api_key, Authorization
Server: Jetty(9.2.9.v20150224)

{
    "id": 1111,
    "username": "User1",
    "email": "user1@user.com",
    "password": "User123",
    "phone": "1236547890",
    "userStatus": 0
}
]]></system-out>
  </testcase>
  <testcase name="getUser_Test[User2](2)" classname="test.User_DataDriven" time="2.182">
    <system-out><![CDATA[HTTP/1.1 200 OK
Date: Tue, 24 Mar 2026 06:24:44 GMT
Content-Type: application/json
Transfer-Encoding: chunked
Connection: keep-alive
Access-Control-Allow-Origin: *
Access-Control-Allow-Methods: GET, POST, DELETE, PUT
Access-Control-Allow-Headers: Content-Type, api_key, Authorization
Server: Jetty(9.2.9.v20150224)

{
    "id": 1112,
    "username": "User2",
    "email": "user2@user.com",
    "password": "User123",
    "phone": "1236547890",
    "userStatus": 0
}
]]></system-out>
  </testcase>
  <testcase name="getUser_Test[User3](3)" classname="test.User_DataDriven" time="1.267">
    <system-out><![CDATA[HTTP/1.1 200 OK
Date: Tue, 24 Mar 2026 06:24:45 GMT
Content-Type: application/json
Transfer-Encoding: chunked
Connection: keep-alive
Access-Control-Allow-Origin: *
Access-Control-Allow-Methods: GET, POST, DELETE, PUT
Access-Control-Allow-Headers: Content-Type, api_key, Authorization
Server: Jetty(9.2.9.v20150224)

{
    "id": 1113,
    "username": "User3",
    "email": "user3@user.com",
    "password": "User123",
    "phone": "1236547890",
    "userStatus": 0
}
]]></system-out>
  </testcase>
  <testcase name="deleteUser_Test[User1](1)" classname="test.User_DataDriven" time="1.618">
    <system-out><![CDATA[HTTP/1.1 200 OK
Date: Tue, 24 Mar 2026 06:24:47 GMT
Content-Type: application/json
Transfer-Encoding: chunked
Connection: keep-alive
Access-Control-Allow-Origin: *
Access-Control-Allow-Methods: GET, POST, DELETE, PUT
Access-Control-Allow-Headers: Content-Type, api_key, Authorization
Server: Jetty(9.2.9.v20150224)

{
    "code": 200,
    "type": "unknown",
    "message": "User1"
}
]]></system-out>
  </testcase>
  <testcase name="deleteUser_Test[User2](2)" classname="test.User_DataDriven" time="3.068">
    <system-out><![CDATA[HTTP/1.1 200 OK
Date: Tue, 24 Mar 2026 06:24:50 GMT
Content-Type: application/json
Transfer-Encoding: chunked
Connection: keep-alive
Access-Control-Allow-Origin: *
Access-Control-Allow-Methods: GET, POST, DELETE, PUT
Access-Control-Allow-Headers: Content-Type, api_key, Authorization
Server: Jetty(9.2.9.v20150224)

{
    "code": 200,
    "type": "unknown",
    "message": "User2"
}
]]></system-out>
  </testcase>
  <testcase name="deleteUser_Test[User3](3)" classname="test.User_DataDriven" time="2.16">
    <system-out><![CDATA[HTTP/1.1 200 OK
Date: Tue, 24 Mar 2026 06:24:52 GMT
Content-Type: application/json
Transfer-Encoding: chunked
Connection: keep-alive
Access-Control-Allow-Origin: *
Access-Control-Allow-Methods: GET, POST, DELETE, PUT
Access-Control-Allow-Headers: Content-Type, api_key, Authorization
Server: Jetty(9.2.9.v20150224)

{
    "code": 200,
    "type": "unknown",
    "message": "User3"
}
]]></system-out>
  </testcase>
</testsuite>