<?xml version="1.0" encoding="UTF-8"?>
<testsuite xmlns:xsi="http://www.w3.org/2001/XMLSchema-instance" xsi:noNamespaceSchemaLocation="https://maven.apache.org/surefire/maven-surefire-plugin/xsd/surefire-test-report.xsd" version="3.0.2" name="TestSuite" time="23.969" tests="15" errors="0" skipped="0" failures="0" flakes="0">
  <properties>
[...]
</properties>
  <testcase name="createUser_Test" classname="test.User_Test" time="3.494">
    <system-out><![CDATA[HTTP/1.1 200 OK
Date: Wed, 25 Mar 2026 15:51:17 GMT
Content-Type: application/json
Transfer-Encoding: chunked
Connection: keep-alive
Access-Control-Allow-Origin: *
Access-Control-Allow-Methods: GET, POST, DELETE, PUT
Access-Control-Allow-Headers: Content-Type, api_key, Authorization
Server: Jetty(9.2.9.v20150224)

{
    "code": 200,
    "type": "unknown",
    "message": "1815556070"
}
]]></system-out>
    <system-err><![CDATA[SLF4J(W): No SLF4J providers were found.
SLF4J(W): Defaulting to no-operation (NOP) logger implementation
SLF4J(W): See https://www.slf4j.org/codes.html#noProviders for further details.
]]></system-err>
  </testcase>
  <testcase name="getUser_Test" classname="test.User_Test" time="1.128">
    <system-out><![CDATA[HTTP/1.1 200 OK
Date: Wed, 25 Mar 2026 15:51:19 GMT
Content-Type: application/json
Transfer-Encoding: chunked
Connection: keep-alive
Access-Control-Allow-Origin: *
Access-Control-Allow-Methods: GET, POST, DELETE, PUT
Access-Control-Allow-Headers: Content-Type, api_key, Authorization
Server: Jetty(9.2.9.v20150224)

{
    "id": 1815556070,
    "username": "rodrick.leffler",
    "email": "sharron.swaniawski@example.com",
    "password": "57xpds780m3xhg",
    "phone": "(680) 858-2950",
    "userStatus": 0
}
]]></system-out>
  </testcase>
  <testcase name="updateUser_Test" classname="test.User_Test" time="2.22">
    <system-out><![CDATA[HTTP/1.1 200 OK
Date: Wed, 25 Mar 2026 15:51:20 GMT
Content-Type: application/json
Transfer-Encoding: chunked
Connection: keep-alive
Access-Control-Allow-Origin: *
Access-Control-Allow-Methods: GET, POST, DELETE, PUT
Access-Control-Allow-Headers: Content-Type, api_key, Authorization
Server: Jetty(9.2.9.v20150224)

{
    "code": 200,
    "type": "unknown",
    "message": "1815556070"
}
HTTP/1.1 200 OK
Date: Wed, 25 Mar 2026 15:51:21 GMT
Content-Type: application/json
Transfer-Encoding: chunked
Connection: keep-alive
Access-Control-Allow-Origin: *
Access-Control-Allow-Methods: GET, POST, DELETE, PUT
Access-Control-Allow-Headers: Content-Type, api_key, Authorization
Server: Jetty(9.2.9.v20150224)

{
    "id": 1815556070,
    "username": "rodrick.leffler",
    "email": "sharron.swaniawski@example.com",
    "password": "57xpds780m3xhg",
    "phone": "(680) 858-2950",
    "userStatus": 0
}
]]></system-out>
  </testcase>
  <testcase name="loginUser_Test" classname="test.User_Test" time="2.061">
    <system-out><![CDATA[HTTP/1.1 200 OK
Date: Wed, 25 Mar 2026 15:51:22 GMT
Content-Type: application/json
Transfer-Encoding: chunked
Connection: keep-alive
Access-Control-Allow-Origin: *
Access-Control-Allow-Methods: GET, POST, DELETE, PUT
Access-Control-Allow-Headers: Content-Type, api_key, Authorization
X-Expires-After: Wed Mar 25 16:51:22 UTC 2026
X-Rate-Limit: 5000
Server: Jetty(9.2.9.v20150224)

{
    "code": 200,
    "type": "unknown",
    "message": "logged in user session:1774453882321"
}
]]></system-out>
  </testcase>
  <testcase name="logoutUser_Test" classname="test.User_Test" time="1.106">
    <system-out><![CDATA[HTTP/1.1 200 OK
Date: Wed, 25 Mar 2026 15:51:24 GMT
Content-Type: application/json
Transfer-Encoding: chunked
Connection: keep-alive
Access-Control-Allow-Origin: *
Access-Control-Allow-Methods: GET, POST, DELETE, PUT
Access-Control-Allow-Headers: Content-Type, api_key, Authorization
Server: Jetty(9.2.9.v20150224)

{
    "code": 200,
    "type": "unknown",
    "message": "ok"
}
]]></system-out>
  </testcase>
  <testcase name="deleteUser_Test" classname="test.User_Test" time="1.085">
    <system-out><![CDATA[HTTP/1.1 200 OK
Date: Wed, 25 Mar 2026 15:51:25 GMT
Content-Type: application/json
Transfer-Encoding: chunked
Connection: keep-alive
Access-Control-Allow-Origin: *
Access-Control-Allow-Methods: GET, POST, DELETE, PUT
Access-Control-Allow-Headers: Content-Type, api_key, Authorization
Server: Jetty(9.2.9.v20150224)

{
    "code": 200,
    "type": "unknown",
    "message": "rodrick.leffler"
}
]]></system-out>
  </testcase>
  <testcase name="addPet_Test" classname="test.Pet_Test" time="1.123">
    <system-out><![CDATA[HTTP/1.1 200 OK
Date: Wed, 25 Mar 2026 15:51:26 GMT
Content-Type: application/json
Transfer-Encoding: chunked
Connection: keep-alive
Access-Control-Allow-Origin: *
Access-Control-Allow-Methods: GET, POST, DELETE, PUT
Access-Control-Allow-Headers: Content-Type, api_key, Authorization
Server: Jetty(9.2.9.v20150224)

{
    "id": 518953848,
    "category": {
        "id": 518953848,
        "name": "Bedlington Terrier"
    },
    "name": "Ruby",
    "photoUrls": [
        "www.keith-murray.io",
        "www.mavis-legros.biz",
        "www.nathanael-weimann.co"
    ],
    "tags": [
        {
            "id": 518953848,
            "name": "Da Vinci"
        },
        {
            "id": 518953848,
            "name": "Kandinsky"
        }
    ],
    "status": "available"
}
]]></system-out>
  </testcase>
  <testcase name="getPetByStatus_Test" classname="test.Pet_Test" time="1.771">
    <system-out><![CDATA[Pet was found by Status
{
    "photoUrls": [
        "www.keith-murray.io",
        "www.mavis-legros.biz",
        "www.nathanael-weimann.co"
    ],
    "name": "Ruby",
    "id": 518953848,
    "category": {
        "name": "Bedlington Terrier",
        "id": 518953848
    },
    "tags": [
        {
            "name": "Da Vinci",
            "id": 518953848
        },
        {
            "name": "Kandinsky",
            "id": 518953848
        }
    ],
    "status": "available"
}
]]></system-out>
  </testcase>
  <testcase name="getPetById_Test" classname="test.Pet_Test" time="1.278">
    <system-out><![CDATA[HTTP/1.1 200 OK
Date: Wed, 25 Mar 2026 15:51:29 GMT
Content-Type: application/json
Transfer-Encoding: chunked
Connection: keep-alive
Access-Control-Allow-Origin: *
Access-Control-Allow-Methods: GET, POST, DELETE, PUT
Access-Control-Allow-Headers: Content-Type, api_key, Authorization
Server: Jetty(9.2.9.v20150224)

{
    "id": 518953848,
    "category": {
        "id": 518953848,
        "name": "Bedlington Terrier"
    },
    "name": "Ruby",
    "photoUrls": [
        "www.keith-murray.io",
        "www.mavis-legros.biz",
        "www.nathanael-weimann.co"
    ],
    "tags": [
        {
            "id": 518953848,
            "name": "Da Vinci"
        },
        {
            "id": 518953848,
            "name": "Kandinsky"
        }
    ],
    "status": "available"
}
]]></system-out>
  </testcase>
  <testcase name="updatePet_Test" classname="test.Pet_Test" time="1.229">
    <system-out><![CDATA[HTTP/1.1 200 OK
Date: Wed, 25 Mar 2026 15:51:31 GMT
Content-Type: application/json
Transfer-Encoding: chunked
Connection: keep-alive
Access-Control-Allow-Origin: *
Access-Control-Allow-Methods: GET, POST, DELETE, PUT
Access-Control-Allow-Headers: Content-Type, api_key, Authorization
Server: Jetty(9.2.9.v20150224)

{
    "id": 518953848,
    "category": {
        "id": 518953848,
        "name": "Bedlington Terrier"
    },
    "name": "Chloe",
    "photoUrls": [
        "www.keith-murray.io",
        "www.mavis-legros.biz",
        "www.nathanael-weimann.co"
    ],
    "tags": [
        {
            "id": 518953848,
            "name": "Da Vinci"
        },
        {
            "id": 518953848,
            "name": "Kandinsky"
        }
    ],
    "status": "sold"
}
]]></system-out>
  </testcase>
  <testcase name="deletePet_Test" classname="test.Pet_Test" time="1.079">
    <system-out><![CDATA[HTTP/1.1 200 OK
Date: Wed, 25 Mar 2026 15:51:32 GMT
Content-Type: application/json
Transfer-Encoding: chunked
Connection: keep-alive
Access-Control-Allow-Origin: *
Access-Control-Allow-Methods: GET, POST, DELETE, PUT
Access-Control-Allow-Headers: Content-Type, api_key, Authorization
Server: Jetty(9.2.9.v20150224)

{
    "code": 200,
    "type": "unknown",
    "message": "518953848"
}
]]></system-out>
  </testcase>
  <testcase name="getInventory_Test" classname="test.Store_Test" time="1.043">
    <system-out><![CDATA[HTTP/1.1 200 OK
Date: Wed, 25 Mar 2026 15:51:33 GMT
Content-Type: application/json
Transfer-Encoding: chunked
Connection: keep-alive
Access-Control-Allow-Origin: *
Access-Control-Allow-Methods: GET, POST, DELETE, PUT
Access-Control-Allow-Headers: Content-Type, api_key, Authorization
Server: Jetty(9.2.9.v20150224)

{
    "totvs": 6,
    "J\"s󠢱v&amp#11;񗖒&amp#6;À&amp#14;×󞬎𭷒å򏤸": 1,
    "available46": 1,
    "5000": 1,
    "string": 145,
    "Busy": 1,
    "pending": 2,
    "available": 591,
    "Not Available": 1,
    "cow": 1,
    "¢Ö¶": 6,
    "&amp#18;¢&amp#20;É": 1,
    "񡼉4󻚸": 1,
    "unknown_status": 2,
    "avaliable": 1,
    "cæ𖥔": 1,
    "Available": 3,
    "AAA": 1,
    "sold": 64,
    "~Æb򰥙": 1,
    "&": 1,
    "now not available": 1,
    "è{񩕫@": 2,
    "invalid_status": 1,
    "v": 1,
    "invalid": 1,
    "verfuegbar": 2
}
]]></system-out>
  </testcase>
  <testcase name="createOrder_Test" classname="test.Store_Test" time="1.058">
    <system-out><![CDATA[HTTP/1.1 200 OK
Date: Wed, 25 Mar 2026 15:51:34 GMT
Content-Type: application/json
Transfer-Encoding: chunked
Connection: keep-alive
Access-Control-Allow-Origin: *
Access-Control-Allow-Methods: GET, POST, DELETE, PUT
Access-Control-Allow-Headers: Content-Type, api_key, Authorization
Server: Jetty(9.2.9.v20150224)

{
    "id": 3,
    "petId": 518953848,
    "quantity": 8,
    "shipDate": "2026-03-25T15:51:31.961+0000",
    "status": "placed",
    "complete": true
}
]]></system-out>
  </testcase>
  <testcase name="getOrder_Test" classname="test.Store_Test" time="1.097">
    <system-out><![CDATA[HTTP/1.1 200 OK
Date: Wed, 25 Mar 2026 15:51:35 GMT
Content-Type: application/json
Transfer-Encoding: chunked
Connection: keep-alive
Access-Control-Allow-Origin: *
Access-Control-Allow-Methods: GET, POST, DELETE, PUT
Access-Control-Allow-Headers: Content-Type, api_key, Authorization
Server: Jetty(9.2.9.v20150224)

{
    "id": 3,
    "petId": 518953848,
    "quantity": 8,
    "shipDate": "2026-03-25T15:51:31.961+0000",
    "status": "placed",
    "complete": true
}
]]></system-out>
  </testcase>
  <testcase name="deleteOrder_Test" classname="test.Store_Test" time="1.131">
    <system-out><![CDATA[HTTP/1.1 200 OK
Date: Wed, 25 Mar 2026 15:51:36 GMT
Content-Type: application/json
Transfer-Encoding: chunked
Connection: keep-alive
Access-Control-Allow-Origin: *
Access-Control-Allow-Methods: GET, POST, DELETE, PUT
Access-Control-Allow-Headers: Content-Type, api_key, Authorization
Server: Jetty(9.2.9.v20150224)

{
    "code": 200,
    "type": "unknown",
    "message": "3"
}
]]></system-out>
  </testcase>
</testsuite>