<?xml version="1.0" encoding="UTF-8"?>
<testng-results ignored="0" total="15" passed="15" failed="0" skipped="0">
  <reporter-output>
  </reporter-output>
  <suite started-at="2026-03-25T21:21:13 IST" name="Pet Store API Validation" finished-at="2026-03-25T21:21:36 IST" duration-ms="22409">
    <groups>
    </groups>
    <test started-at="2026-03-25T21:21:13 IST" name="User Endpoints" finished-at="2026-03-25T21:21:25 IST" duration-ms="11391">
      <class name="test.User_Test">
        <test-method is-config="true" signature="setPayload()[pri:0, instance:test.User_Test@12468a38]" started-at="2026-03-25T21:21:13 IST" name="setPayload" finished-at="2026-03-25T21:21:14 IST" duration-ms="250" status="PASS">
          <reporter-output>
          </reporter-output>
        </test-method> <!-- setPayload -->
        <test-method signature="createUser_Test()[pri:1, instance:test.User_Test@12468a38]" started-at="2026-03-25T21:21:14 IST" name="createUser_Test" finished-at="2026-03-25T21:21:17 IST" duration-ms="3484" status="PASS">
          <reporter-output>
          </reporter-output>
        </test-method> <!-- createUser_Test -->
        <test-method signature="getUser_Test()[pri:2, instance:test.User_Test@12468a38]" started-at="2026-03-25T21:21:17 IST" name="getUser_Test" finished-at="2026-03-25T21:21:18 IST" duration-ms="1121" status="PASS">
          <reporter-output>
          </reporter-output>
        </test-method> <!-- getUser_Test -->
        <test-method signature="updateUser_Test()[pri:3, instance:test.User_Test@12468a38]" started-at="2026-03-25T21:21:18 IST" name="updateUser_Test" finished-at="2026-03-25T21:21:20 IST" duration-ms="2196" status="PASS">
          <reporter-output>
          </reporter-output>
        </test-method> <!-- updateUser_Test -->
        <test-method signature="loginUser_Test()[pri:4, instance:test.User_Test@12468a38]" started-at="2026-03-25T21:21:20 IST" name="loginUser_Test" finished-at="2026-03-25T21:21:23 IST" duration-ms="2085" status="PASS">
          <reporter-output>
          </reporter-output>
        </test-method> <!-- loginUser_Test -->
        <test-method signature="logoutUser_Test()[pri:5, instance:test.User_Test@12468a38]" started-at="2026-03-25T21:21:23 IST" name="logoutUser_Test" finished-at="2026-03-25T21:21:24 IST" duration-ms="1105" status="PASS">
          <reporter-output>
          </reporter-output>
        </test-method> <!-- logoutUser_Test -->
        <test-method signature="deleteUser_Test()[pri:6, instance:test.User_Test@12468a38]" started-at="2026-03-25T21:21:24 IST" name="deleteUser_Test" finished-at="2026-03-25T21:21:25 IST" duration-ms="1060" status="PASS">
          <reporter-output>
          </reporter-output>
        </test-method> <!-- deleteUser_Test -->
      </class> <!-- test.User_Test -->
    </test> <!-- User Endpoints -->
    <test started-at="2026-03-25T21:21:25 IST" name="Pet Endpoints" finished-at="2026-03-25T21:21:31 IST" duration-ms="6569">
      <class name="test.Pet_Test">
        <test-method is-config="true" signature="setPayload(org.testng.ITestContext)[pri:0, instance:test.Pet_Test@351d00c0]" started-at="2026-03-25T21:21:25 IST" name="setPayload" finished-at="2026-03-25T21:21:25 IST" duration-ms="86" status="PASS">
          <params>
            <param index="0">
              <value>
                <![CDATA[org.testng.TestRunner@563bf9d2]]>
              </value>
            </param>
          </params>
          <reporter-output>
          </reporter-output>
        </test-method> <!-- setPayload -->
        <test-method signature="addPet_Test()[pri:1, instance:test.Pet_Test@351d00c0]" started-at="2026-03-25T21:21:25 IST" name="addPet_Test" finished-at="2026-03-25T21:21:26 IST" duration-ms="1120" status="PASS">
          <reporter-output>
          </reporter-output>
        </test-method> <!-- addPet_Test -->
        <test-method signature="getPetByStatus_Test()[pri:2, instance:test.Pet_Test@351d00c0]" started-at="2026-03-25T21:21:26 IST" name="getPetByStatus_Test" finished-at="2026-03-25T21:21:28 IST" duration-ms="1764" status="PASS">
          <reporter-output>
          </reporter-output>
        </test-method> <!-- getPetByStatus_Test -->
        <test-method signature="getPetById_Test()[pri:3, instance:test.Pet_Test@351d00c0]" started-at="2026-03-25T21:21:28 IST" name="getPetById_Test" finished-at="2026-03-25T21:21:29 IST" duration-ms="1279" status="PASS">
          <reporter-output>
          </reporter-output>
        </test-method> <!-- getPetById_Test -->
        <test-method signature="updatePet_Test()[pri:4, instance:test.Pet_Test@351d00c0]" started-at="2026-03-25T21:21:29 IST" name="updatePet_Test" finished-at="2026-03-25T21:21:30 IST" duration-ms="1224" status="PASS">
          <reporter-output>
          </reporter-output>
        </test-method> <!-- updatePet_Test -->
        <test-method signature="deletePet_Test()[pri:5, instance:test.Pet_Test@351d00c0]" started-at="2026-03-25T21:21:30 IST" name="deletePet_Test" finished-at="2026-03-25T21:21:31 IST" duration-ms="1080" status="PASS">
          <reporter-output>
          </reporter-output>
        </test-method> <!-- deletePet_Test -->
      </class> <!-- test.Pet_Test -->
    </test> <!-- Pet Endpoints -->
    <test started-at="2026-03-25T21:21:31 IST" name="Store Endpoints" finished-at="2026-03-25T21:21:36 IST" duration-ms="4298">
      <class name="test.Store_Test">
        <test-method is-config="true" signature="setPayload(org.testng.ITestContext)[pri:0, instance:test.Store_Test@4c371370]" started-at="2026-03-25T21:21:31 IST" name="setPayload" finished-at="2026-03-25T21:21:31 IST" duration-ms="6" status="PASS">
          <params>
            <param index="0">
              <value>
                <![CDATA[org.testng.TestRunner@19305a7c]]>
              </value>
            </param>
          </params>
          <reporter-output>
          </reporter-output>
        </test-method> <!-- setPayload -->
        <test-method signature="getInventory_Test()[pri:1, instance:test.Store_Test@4c371370]" started-at="2026-03-25T21:21:31 IST" name="getInventory_Test" finished-at="2026-03-25T21:21:33 IST" duration-ms="1037" status="PASS">
          <reporter-output>
          </reporter-output>
        </test-method> <!-- getInventory_Test -->
        <test-method signature="createOrder_Test()[pri:2, instance:test.Store_Test@4c371370]" started-at="2026-03-25T21:21:33 IST" name="createOrder_Test" finished-at="2026-03-25T21:21:34 IST" duration-ms="1056" status="PASS">
          <reporter-output>
          </reporter-output>
        </test-method> <!-- createOrder_Test -->
        <test-method signature="getOrder_Test()[pri:3, instance:test.Store_Test@4c371370]" started-at="2026-03-25T21:21:34 IST" name="getOrder_Test" finished-at="2026-03-25T21:21:35 IST" duration-ms="1100" status="PASS">
          <reporter-output>
          </reporter-output>
        </test-method> <!-- getOrder_Test -->
        <test-method signature="deleteOrder_Test()[pri:4, instance:test.Store_Test@4c371370]" started-at="2026-03-25T21:21:35 IST" name="deleteOrder_Test" finished-at="2026-03-25T21:21:36 IST" duration-ms="1089" status="PASS">
          <reporter-output>
          </reporter-output>
        </test-method> <!-- deleteOrder_Test -->
      </class> <!-- test.Store_Test -->
    </test> <!-- Store Endpoints -->
  </suite> <!-- Pet Store API Validation -->
</testng-results>
