<?xml version="1.0" encoding="UTF-8"?>
<testng-results ignored="0" total="6" passed="6" failed="0" skipped="0">
  <reporter-output>
  </reporter-output>
  <suite started-at="2026-03-24T17:07:42 IST" name="Suite" finished-at="2026-03-24T17:07:54 IST" duration-ms="11427">
    <groups>
    </groups>
    <test started-at="2026-03-24T17:07:42 IST" name="Test" finished-at="2026-03-24T17:07:54 IST" duration-ms="11427">
      <class name="test.User_Test">
        <test-method is-config="true" signature="setPayload()[pri:0, instance:test.User_Test@1e800aaa]" started-at="2026-03-24T17:07:43 IST" name="setPayload" finished-at="2026-03-24T17:07:43 IST" duration-ms="204" status="PASS">
          <reporter-output>
          </reporter-output>
        </test-method> <!-- setPayload -->
        <test-method signature="createUser_Test()[pri:1, instance:test.User_Test@1e800aaa]" started-at="2026-03-24T17:07:43 IST" name="createUser_Test" finished-at="2026-03-24T17:07:46 IST" duration-ms="3347" status="PASS">
          <reporter-output>
          </reporter-output>
        </test-method> <!-- createUser_Test -->
        <test-method signature="getUser_Test()[pri:2, instance:test.User_Test@1e800aaa]" started-at="2026-03-24T17:07:46 IST" name="getUser_Test" finished-at="2026-03-24T17:07:47 IST" duration-ms="1070" status="PASS">
          <reporter-output>
          </reporter-output>
        </test-method> <!-- getUser_Test -->
        <test-method signature="updateUser_Test()[pri:3, instance:test.User_Test@1e800aaa]" started-at="2026-03-24T17:07:47 IST" name="updateUser_Test" finished-at="2026-03-24T17:07:50 IST" duration-ms="2246" status="PASS">
          <reporter-output>
          </reporter-output>
        </test-method> <!-- updateUser_Test -->
        <test-method signature="loginUser_Test()[pri:4, instance:test.User_Test@1e800aaa]" started-at="2026-03-24T17:07:50 IST" name="loginUser_Test" finished-at="2026-03-24T17:07:51 IST" duration-ms="1795" status="PASS">
          <reporter-output>
          </reporter-output>
        </test-method> <!-- loginUser_Test -->
        <test-method signature="logoutUser_Test()[pri:5, instance:test.User_Test@1e800aaa]" started-at="2026-03-24T17:07:51 IST" name="logoutUser_Test" finished-at="2026-03-24T17:07:53 IST" duration-ms="1203" status="PASS">
          <reporter-output>
          </reporter-output>
        </test-method> <!-- logoutUser_Test -->
        <test-method signature="deleteUser_Test()[pri:6, instance:test.User_Test@1e800aaa]" started-at="2026-03-24T17:07:53 IST" name="deleteUser_Test" finished-at="2026-03-24T17:07:54 IST" duration-ms="1182" status="PASS">
          <reporter-output>
          </reporter-output>
        </test-method> <!-- deleteUser_Test -->
      </class> <!-- test.User_Test -->
    </test> <!-- Test -->
  </suite> <!-- Suite -->
</testng-results>
