<?xml version="1.0" encoding="UTF-8"?>
<!-- Generated by org.testng.reporters.JUnitReportReporter -->
<testsuite hostname="DESKTOP-K10DVAF" failures="0" tests="9" name="test.User_DataDriven" time="11.943" errors="0" timestamp="2026-03-24T17:06:38 IST" skipped="0">
  <testcase classname="test.User_DataDriven" name="createUser_Test" time="1.049"/>
  <testcase classname="test.User_DataDriven" name="createUser_Test" time="1.044"/>
  <testcase classname="test.User_DataDriven" name="createUser_Test" time="3.183"/>
  <testcase classname="test.User_DataDriven" name="getUser_Test" time="1.198"/>
  <testcase classname="test.User_DataDriven" name="getUser_Test" time="1.227"/>
  <testcase classname="test.User_DataDriven" name="getUser_Test" time="1.019"/>
  <testcase classname="test.User_DataDriven" name="deleteUser_Test" time="1.084"/>
  <testcase classname="test.User_DataDriven" name="deleteUser_Test" time="1.052"/>
  <testcase classname="test.User_DataDriven" name="deleteUser_Test" time="1.087"/>
</testsuite> <!-- test.User_DataDriven -->
