<?xml version="1.0" encoding="UTF-8"?>
<!-- Generated by org.testng.reporters.JUnitReportReporter -->
<testsuite hostname="DESKTOP-K10DVAF" failures="0" tests="4" name="test.User_Test" time="8.036" errors="0" timestamp="2026-03-23T20:01:48 IST" skipped="0">
  <testcase classname="test.User_Test" name="createUser_Test" time="3.807"/>
  <testcase classname="test.User_Test" name="getUser_Test" time="1.060"/>
  <testcase classname="test.User_Test" name="updateUser_Test" time="2.112"/>
  <testcase classname="test.User_Test" name="deleteUser_Test" time="1.057"/>
</testsuite> <!-- test.User_Test -->
