<?xml version="1.0" encoding="UTF-8"?>
<!-- Generated by org.testng.reporters.JUnitReportReporter -->
<testsuite hostname="DESKTOP-K10DVAF" failures="0" tests="9" name="test.User_DataDriven" time="15.414" errors="0" timestamp="2026-03-23T21:36:43 IST" skipped="0">
  <testcase classname="test.User_DataDriven" name="createUser_Test" time="4.943"/>
  <testcase classname="test.User_DataDriven" name="createUser_Test" time="1.095"/>
  <testcase classname="test.User_DataDriven" name="createUser_Test" time="1.040"/>
  <testcase classname="test.User_DataDriven" name="getUser_Test" time="1.043"/>
  <testcase classname="test.User_DataDriven" name="getUser_Test" time="1.695"/>
  <testcase classname="test.User_DataDriven" name="getUser_Test" time="0.959"/>
  <testcase classname="test.User_DataDriven" name="deleteUser_Test" time="1.411"/>
  <testcase classname="test.User_DataDriven" name="deleteUser_Test" time="1.374"/>
  <testcase classname="test.User_DataDriven" name="deleteUser_Test" time="1.854"/>
</testsuite> <!-- test.User_DataDriven -->
