<?xml version="1.0" encoding="UTF-8"?>
<!-- Generated by org.testng.reporters.JUnitReportReporter -->
<testsuite hostname="DESKTOP-K10DVAF" failures="0" tests="6" name="test.User_Test" time="10.954" errors="0" timestamp="2026-03-25T16:33:08 IST" skipped="0">
  <testcase classname="test.User_Test" name="createUser_Test" time="3.340"/>
  <testcase classname="test.User_Test" name="getUser_Test" time="1.271"/>
  <testcase classname="test.User_Test" name="updateUser_Test" time="2.239"/>
  <testcase classname="test.User_Test" name="loginUser_Test" time="1.777"/>
  <testcase classname="test.User_Test" name="logoutUser_Test" time="1.296"/>
  <testcase classname="test.User_Test" name="deleteUser_Test" time="1.031"/>
</testsuite> <!-- test.User_Test -->
